#
# There is insufficient memory for the Java Runtime Environment to continue.
# Native memory allocation (mmap) failed to map 10485760 bytes. Error detail: G1 virtual space
# Possible reasons:
#   The system is out of physical RAM or swap space
#   This process is running with CompressedOops enabled, and the Java Heap may be blocking the growth of the native heap
# Possible solutions:
#   Reduce memory load on the system
#   Increase physical memory or swap space
#   Check if swap backing store is full
#   Decrease Java heap size (-Xmx/-Xms)
#   Decrease number of Java threads
#   Decrease Java thread stack sizes (-Xss)
#   Set larger code cache with -XX:ReservedCodeCacheSize=
#   JVM is running with Unscaled Compressed Oops mode in which the Java heap is
#     placed in the first 4GB address space. The Java Heap base address is the
#     maximum limit for the native heap growth. Please use -XX:HeapBaseMinAddress
#     to set the Java Heap base and to place the Java Heap above 4GB virtual address.
# This output file may be truncated or incomplete.
#
#  Out of Memory Error (os_windows.cpp:3825), pid=8416, tid=23936
#
# JRE version: OpenJDK Runtime Environment (17.0.11) (build 17.0.11+0--11852314)
# Java VM: OpenJDK 64-Bit Server VM (17.0.11+0--11852314, mixed mode, tiered, compressed oops, compressed class ptrs, g1 gc, windows-amd64)
# No core dump will be written. Minidumps are not enabled by default on client versions of Windows
#

---------------  S U M M A R Y ------------

Command Line: --add-opens=java.base/java.util=ALL-UNNAMED --add-opens=java.base/java.lang=ALL-UNNAMED --add-opens=java.base/java.lang.invoke=ALL-UNNAMED --add-opens=java.prefs/java.util.prefs=ALL-UNNAMED --add-opens=java.base/java.nio.charset=ALL-UNNAMED --add-opens=java.base/java.net=ALL-UNNAMED --add-opens=java.base/java.util.concurrent.atomic=ALL-UNNAMED -Xmx2048m -Dfile.encoding=UTF-8 -Duser.country=RU -Duser.language=ru -Duser.variant -javaagent:C:\Users\corn2\.gradle\wrapper\dists\gradle-8.7-bin\bhs2wmbdwecv87pi65oeuq5iu\gradle-8.7\lib\agents\gradle-instrumentation-agent-8.7.jar org.gradle.launcher.daemon.bootstrap.GradleDaemon 8.7

Host: Intel(R) Core(TM) i5-10210U CPU @ 1.60GHz, 8 cores, 7G,  Windows 10 , 64 bit Build 19041 (10.0.19041.4842)
Time: Sun Oct  6 18:17:52 2024 RTZ 2 (s 10 , 64 bit Build 19041 (10.0.19041.4842) elapsed time: 12.766709 seconds (0d 0h 0m 12s)

---------------  T H R E A D  ---------------

Current thread (0x0000025b798ec750):  VMThread "VM Thread" [stack: 0x0000006919600000,0x0000006919700000] [id=23936]

Stack: [0x0000006919600000,0x0000006919700000]
Native frames: (J=compiled Java code, j=interpreted, Vv=VM code, C=native code)
V  [jvm.dll+0x687bb9]
V  [jvm.dll+0x84142a]
V  [jvm.dll+0x8430ae]
V  [jvm.dll+0x843713]
V  [jvm.dll+0x24a35f]
V  [jvm.dll+0x684989]
V  [jvm.dll+0x67923a]
V  [jvm.dll+0x30af0b]
V  [jvm.dll+0x3123b6]
V  [jvm.dll+0x361dfe]
V  [jvm.dll+0x36202f]
V  [jvm.dll+0x2e0d38]
V  [jvm.dll+0x2e3e26]
V  [jvm.dll+0x2ee63a]
V  [jvm.dll+0x323270]
V  [jvm.dll+0x847e0b]
V  [jvm.dll+0x848b42]
V  [jvm.dll+0x84905d]
V  [jvm.dll+0x849434]
V  [jvm.dll+0x849500]
V  [jvm.dll+0x7efa4a]
V  [jvm.dll+0x686a35]
C  [ucrtbase.dll+0x21bb2]
C  [KERNEL32.DLL+0x17374]
C  [ntdll.dll+0x4cc91]

VM_Operation (0x00000069192ff440): G1PauseRemark, mode: safepoint, requested by thread 0x0000025b6eacae40


---------------  P R O C E S S  ---------------

Threads class SMR info:
_java_thread_list=0x0000025b0fcd51a0, length=49, elements={
0x0000025b6ea5e060, 0x0000025b798d4ab0, 0x0000025b798d5450, 0x0000025b798fcbf0,
0x0000025b798fd8e0, 0x0000025b798fddc0, 0x0000025b798fe2a0, 0x0000025b79a65510,
0x0000025b79a67a40, 0x0000025b79a67f60, 0x0000025b79baecb0, 0x0000025b79d200f0,
0x0000025b7f153240, 0x0000025b7f694070, 0x0000025b0f0b3340, 0x0000025b0f410020,
0x0000025b0f411c70, 0x0000025b0f0f6350, 0x0000025b0f0f5420, 0x0000025b0f0f4f10,
0x0000025b0f0f3fe0, 0x0000025b0f0f44f0, 0x0000025b0f0f6860, 0x0000025b0f0f6d70,
0x0000025b0f0f3ad0, 0x0000025b0f73b330, 0x0000025b0f73eff0, 0x0000025b0f7394d0,
0x0000025b0f73b840, 0x0000025b0f73c260, 0x0000025b0f7399e0, 0x0000025b0f73e5d0,
0x0000025b0f73a400, 0x0000025b0f73eae0, 0x0000025b0f738ab0, 0x0000025b0f739ef0,
0x0000025b0f73a910, 0x0000025b0f73bd50, 0x0000025b0f73f500, 0x0000025b0f73d6a0,
0x0000025b0f73e0c0, 0x0000025b10460860, 0x0000025b1045ef10, 0x0000025b1045a830,
0x0000025b1045f930, 0x0000025b1045c180, 0x0000025b10459900, 0x0000025b1045b250,
0x0000025b10460d70
}

Java Threads: ( => current thread )
  0x0000025b6ea5e060 JavaThread "main" [_thread_blocked, id=18696, stack(0x0000006919000000,0x0000006919100000)]
  0x0000025b798d4ab0 JavaThread "Reference Handler" daemon [_thread_blocked, id=23168, stack(0x0000006919700000,0x0000006919800000)]
  0x0000025b798d5450 JavaThread "Finalizer" daemon [_thread_blocked, id=21876, stack(0x0000006919800000,0x0000006919900000)]
  0x0000025b798fcbf0 JavaThread "Signal Dispatcher" daemon [_thread_blocked, id=11156, stack(0x0000006919900000,0x0000006919a00000)]
  0x0000025b798fd8e0 JavaThread "Attach Listener" daemon [_thread_blocked, id=16440, stack(0x0000006919a00000,0x0000006919b00000)]
  0x0000025b798fddc0 JavaThread "Service Thread" daemon [_thread_blocked, id=16972, stack(0x0000006919b00000,0x0000006919c00000)]
  0x0000025b798fe2a0 JavaThread "Monitor Deflation Thread" daemon [_thread_blocked, id=23860, stack(0x0000006919c00000,0x0000006919d00000)]
  0x0000025b79a65510 JavaThread "C2 CompilerThread0" daemon [_thread_blocked, id=12896, stack(0x0000006919d00000,0x0000006919e00000)]
  0x0000025b79a67a40 JavaThread "C1 CompilerThread0" daemon [_thread_blocked, id=19172, stack(0x0000006919e00000,0x0000006919f00000)]
  0x0000025b79a67f60 JavaThread "Sweeper thread" daemon [_thread_blocked, id=24456, stack(0x0000006919f00000,0x000000691a000000)]
  0x0000025b79baecb0 JavaThread "Common-Cleaner" daemon [_thread_blocked, id=20968, stack(0x000000691a000000,0x000000691a100000)]
  0x0000025b79d200f0 JavaThread "Notification Thread" daemon [_thread_blocked, id=4128, stack(0x000000691a100000,0x000000691a200000)]
  0x0000025b7f153240 JavaThread "Daemon health stats" [_thread_blocked, id=4160, stack(0x000000691a700000,0x000000691a800000)]
  0x0000025b7f694070 JavaThread "Incoming local TCP Connector on port 49903" [_thread_in_native, id=21980, stack(0x000000691a800000,0x000000691a900000)]
  0x0000025b0f0b3340 JavaThread "Daemon periodic checks" [_thread_blocked, id=3592, stack(0x000000691a900000,0x000000691aa00000)]
  0x0000025b0f410020 JavaThread "Daemon" [_thread_blocked, id=24288, stack(0x000000691aa00000,0x000000691ab00000)]
  0x0000025b0f411c70 JavaThread "Handler for socket connection from /127.0.0.1:49903 to /127.0.0.1:49904" [_thread_in_native, id=18080, stack(0x000000691ab00000,0x000000691ac00000)]
  0x0000025b0f0f6350 JavaThread "Cancel handler" [_thread_blocked, id=15452, stack(0x000000691ac00000,0x000000691ad00000)]
  0x0000025b0f0f5420 JavaThread "Daemon worker" [_thread_blocked, id=1976, stack(0x000000691ad00000,0x000000691ae00000)]
  0x0000025b0f0f4f10 JavaThread "Asynchronous log dispatcher for DefaultDaemonConnection: socket connection from /127.0.0.1:49903 to /127.0.0.1:49904" [_thread_blocked, id=19196, stack(0x000000691ae00000,0x000000691af00000)]
  0x0000025b0f0f3fe0 JavaThread "Stdin handler" [_thread_blocked, id=16204, stack(0x000000691af00000,0x000000691b000000)]
  0x0000025b0f0f44f0 JavaThread "Daemon client event forwarder" [_thread_blocked, id=13552, stack(0x000000691b000000,0x000000691b100000)]
  0x0000025b0f0f6860 JavaThread "Cache worker for journal cache (C:\Users\corn2\.gradle\caches\journal-1)" [_thread_blocked, id=15536, stack(0x000000691b500000,0x000000691b600000)]
  0x0000025b0f0f6d70 JavaThread "File lock request listener" [_thread_in_native, id=9480, stack(0x000000691b600000,0x000000691b700000)]
  0x0000025b0f0f3ad0 JavaThread "Cache worker for file hash cache (C:\Users\corn2\.gradle\caches\8.7\fileHashes)" [_thread_blocked, id=22848, stack(0x000000691b700000,0x000000691b800000)]
  0x0000025b0f73b330 JavaThread "Cache worker for file hash cache (D:\lab4\.gradle\8.7\fileHashes)" [_thread_blocked, id=5664, stack(0x000000691b800000,0x000000691b900000)]
  0x0000025b0f73eff0 JavaThread "File watcher server" daemon [_thread_in_native, id=23156, stack(0x000000691b900000,0x000000691ba00000)]
  0x0000025b0f7394d0 JavaThread "File watcher consumer" daemon [_thread_blocked, id=22616, stack(0x000000691ba00000,0x000000691bb00000)]
  0x0000025b0f73b840 JavaThread "jar transforms" [_thread_blocked, id=20440, stack(0x000000691bb00000,0x000000691bc00000)]
  0x0000025b0f73c260 JavaThread "jar transforms Thread 2" [_thread_blocked, id=23672, stack(0x000000691bc00000,0x000000691bd00000)]
  0x0000025b0f7399e0 JavaThread "jar transforms Thread 3" [_thread_blocked, id=9360, stack(0x000000691bd00000,0x000000691be00000)]
  0x0000025b0f73e5d0 JavaThread "jar transforms Thread 4" [_thread_blocked, id=8980, stack(0x000000691be00000,0x000000691bf00000)]
  0x0000025b0f73a400 JavaThread "jar transforms Thread 5" [_thread_blocked, id=9772, stack(0x000000691bf00000,0x000000691c000000)]
  0x0000025b0f73eae0 JavaThread "jar transforms Thread 6" [_thread_blocked, id=23240, stack(0x000000691c000000,0x000000691c100000)]
  0x0000025b0f738ab0 JavaThread "jar transforms Thread 7" [_thread_blocked, id=19444, stack(0x000000691c100000,0x000000691c200000)]
  0x0000025b0f739ef0 JavaThread "jar transforms Thread 8" [_thread_blocked, id=14448, stack(0x000000691c200000,0x000000691c300000)]
  0x0000025b0f73a910 JavaThread "Cache worker for checksums cache (D:\lab4\.gradle\8.7\checksums)" [_thread_blocked, id=20752, stack(0x000000691c400000,0x000000691c500000)]
  0x0000025b0f73bd50 JavaThread "Cache worker for cache directory md-supplier (C:\Users\corn2\.gradle\caches\8.7\md-supplier)" [_thread_blocked, id=3040, stack(0x000000691c500000,0x000000691c600000)]
  0x0000025b0f73f500 JavaThread "Cache worker for cache directory md-rule (C:\Users\corn2\.gradle\caches\8.7\md-rule)" [_thread_blocked, id=21528, stack(0x000000691c600000,0x000000691c700000)]
  0x0000025b0f73d6a0 JavaThread "Cache worker for file content cache (C:\Users\corn2\.gradle\caches\8.7\fileContent)" [_thread_blocked, id=8628, stack(0x000000691c700000,0x000000691c800000)]
  0x0000025b0f73e0c0 JavaThread "Unconstrained build operations" [_thread_blocked, id=8328, stack(0x000000691c800000,0x000000691c900000)]
  0x0000025b10460860 JavaThread "Unconstrained build operations Thread 2" [_thread_blocked, id=19180, stack(0x000000691c900000,0x000000691ca00000)]
  0x0000025b1045ef10 JavaThread "Unconstrained build operations Thread 3" [_thread_blocked, id=3708, stack(0x000000691ca00000,0x000000691cb00000)]
  0x0000025b1045a830 JavaThread "Unconstrained build operations Thread 4" [_thread_blocked, id=19092, stack(0x000000691cb00000,0x000000691cc00000)]
  0x0000025b1045f930 JavaThread "Unconstrained build operations Thread 5" [_thread_blocked, id=15588, stack(0x000000691cc00000,0x000000691cd00000)]
  0x0000025b1045c180 JavaThread "Unconstrained build operations Thread 6" [_thread_blocked, id=3868, stack(0x000000691cd00000,0x000000691ce00000)]
  0x0000025b10459900 JavaThread "Unconstrained build operations Thread 7" [_thread_blocked, id=5288, stack(0x000000691ce00000,0x000000691cf00000)]
  0x0000025b1045b250 JavaThread "Unconstrained build operations Thread 8" [_thread_blocked, id=6072, stack(0x000000691cf00000,0x000000691d000000)]
  0x0000025b10460d70 JavaThread "Unconstrained build operations Thread 9" [_thread_blocked, id=15960, stack(0x000000691d000000,0x000000691d100000)]

Other Threads:
=>0x0000025b798ec750 VMThread "VM Thread" [stack: 0x0000006919600000,0x0000006919700000] [id=23936]
  0x0000025b6ea5ecd0 WatcherThread [stack: 0x000000691a200000,0x000000691a300000] [id=20972]
  0x0000025b6eab9fe0 GCTaskThread "GC Thread#0" [stack: 0x0000006919100000,0x0000006919200000] [id=8596]
  0x0000025b7e9fa040 GCTaskThread "GC Thread#1" [stack: 0x000000691a300000,0x000000691a400000] [id=592]
  0x0000025b7e9fa300 GCTaskThread "GC Thread#2" [stack: 0x000000691a400000,0x000000691a500000] [id=24044]
  0x0000025b7eb1d500 GCTaskThread "GC Thread#3" [stack: 0x000000691a500000,0x000000691a600000] [id=14996]
  0x0000025b7ec4ba70 GCTaskThread "GC Thread#4" [stack: 0x000000691a600000,0x000000691a700000] [id=24552]
  0x0000025b7f71e510 GCTaskThread "GC Thread#5" [stack: 0x000000691b100000,0x000000691b200000] [id=22196]
  0x0000025b0f0b3820 GCTaskThread "GC Thread#6" [stack: 0x000000691b200000,0x000000691b300000] [id=4540]
  0x0000025b7f538680 GCTaskThread "GC Thread#7" [stack: 0x000000691b300000,0x000000691b400000] [id=21632]
  0x0000025b6eacae40 ConcurrentGCThread "G1 Main Marker" [stack: 0x0000006919200000,0x0000006919300000] [id=9564]
  0x0000025b6eacc780 ConcurrentGCThread "G1 Conc#0" [stack: 0x0000006919300000,0x0000006919400000] [id=19024]
  0x0000025b7f549d90 ConcurrentGCThread "G1 Conc#1" [stack: 0x000000691b400000,0x000000691b500000] [id=20012]
  0x0000025b6eb1e3d0 ConcurrentGCThread "G1 Refine#0" [stack: 0x0000006919400000,0x0000006919500000] [id=23196]
  0x0000025b0f20d960 ConcurrentGCThread "G1 Refine#1" [stack: 0x000000691c300000,0x000000691c400000] [id=13584]
  0x0000025b6eb1e920 ConcurrentGCThread "G1 Service" [stack: 0x0000006919500000,0x0000006919600000] [id=8312]

Threads with active compile tasks:

VM state: at safepoint (normal execution)

VM Mutex/Monitor currently owned by a thread:  ([mutex/lock_event])
[0x0000025b6ea58a20] Threads_lock - owner thread: 0x0000025b798ec750
[0x0000025b6ea59ef0] Heap_lock - owner thread: 0x0000025b6eacae40

Heap address: 0x0000000080000000, size: 2048 MB, Compressed Oops mode: 32-bit

CDS archive(s) not mapped
Compressed class space mapped at: 0x0000000100000000-0x0000000140000000, reserved size: 1073741824
Narrow klass base: 0x0000000000000000, Narrow klass shift: 3, Narrow klass range: 0x140000000

GC Precious Log:
 CPUs: 8 total, 8 available
 Memory: 8025M
 Large Page Support: Disabled
 NUMA Support: Disabled
 Compressed Oops: Enabled (32-bit)
 Heap Region Size: 1M
 Heap Min Capacity: 8M
 Heap Initial Capacity: 126M
 Heap Max Capacity: 2G
 Pre-touch: Disabled
 Parallel Workers: 8
 Concurrent Workers: 2
 Concurrent Refinement Workers: 8
 Periodic GC: Disabled

Heap:
 garbage-first heap   total 91136K, used 59028K [0x0000000080000000, 0x0000000100000000)
  region size 1024K, 5 young (5120K), 4 survivors (4096K)
 Metaspace       used 50248K, committed 50752K, reserved 1114112K
  class space    used 6793K, committed 6976K, reserved 1048576K

Heap Regions: E=young(eden), S=young(survivor), O=old, HS=humongous(starts), HC=humongous(continues), CS=collection set, F=free, OA=open archive, CA=closed archive, TAMS=top-at-mark-start (previous, next)
|   0|0x0000000080000000, 0x0000000080100000, 0x0000000080100000|100%|HS|  |TAMS 0x0000000080100000, 0x0000000080000000| Complete 
|   1|0x0000000080100000, 0x0000000080200000, 0x0000000080200000|100%|HC|  |TAMS 0x0000000080200000, 0x0000000080100000| Complete 
|   2|0x0000000080200000, 0x0000000080300000, 0x0000000080300000|100%|HC|  |TAMS 0x0000000080300000, 0x0000000080200000| Complete 
|   3|0x0000000080300000, 0x0000000080400000, 0x0000000080400000|100%|HC|  |TAMS 0x0000000080400000, 0x0000000080300000| Complete 
|   4|0x0000000080400000, 0x0000000080500000, 0x0000000080500000|100%| O|  |TAMS 0x0000000080500000, 0x0000000080400000| Untracked 
|   5|0x0000000080500000, 0x0000000080600000, 0x0000000080600000|100%| O|  |TAMS 0x0000000080600000, 0x0000000080500000| Updating 
|   6|0x0000000080600000, 0x0000000080700000, 0x0000000080700000|100%| O|  |TAMS 0x0000000080700000, 0x0000000080600000| Untracked 
|   7|0x0000000080700000, 0x0000000080800000, 0x0000000080800000|100%| O|  |TAMS 0x0000000080800000, 0x0000000080700000| Untracked 
|   8|0x0000000080800000, 0x0000000080900000, 0x0000000080900000|100%| O|  |TAMS 0x0000000080900000, 0x0000000080800000| Untracked 
|   9|0x0000000080900000, 0x0000000080a00000, 0x0000000080a00000|100%| O|  |TAMS 0x0000000080a00000, 0x0000000080900000| Updating 
|  10|0x0000000080a00000, 0x0000000080acd600, 0x0000000080b00000| 80%| O|  |TAMS 0x0000000080acd600, 0x0000000080a00000| Updating 
|  11|0x0000000080b00000, 0x0000000080c00000, 0x0000000080c00000|100%| O|  |TAMS 0x0000000080c00000, 0x0000000080b00000| Untracked 
|  12|0x0000000080c00000, 0x0000000080d00000, 0x0000000080d00000|100%| O|  |TAMS 0x0000000080d00000, 0x0000000080c00000| Untracked 
|  13|0x0000000080d00000, 0x0000000080e00000, 0x0000000080e00000|100%| O|  |TAMS 0x0000000080e00000, 0x0000000080d00000| Untracked 
|  14|0x0000000080e00000, 0x0000000080f00000, 0x0000000080f00000|100%| O|  |TAMS 0x0000000080f00000, 0x0000000080e00000| Untracked 
|  15|0x0000000080f00000, 0x0000000081000000, 0x0000000081000000|100%| O|  |TAMS 0x0000000081000000, 0x0000000080f00000| Untracked 
|  16|0x0000000081000000, 0x0000000081100000, 0x0000000081100000|100%| O|  |TAMS 0x0000000081100000, 0x0000000081000000| Untracked 
|  17|0x0000000081100000, 0x0000000081200000, 0x0000000081200000|100%| O|  |TAMS 0x0000000081200000, 0x0000000081100000| Untracked 
|  18|0x0000000081200000, 0x0000000081300000, 0x0000000081300000|100%| O|  |TAMS 0x0000000081300000, 0x0000000081200000| Untracked 
|  19|0x0000000081300000, 0x0000000081400000, 0x0000000081400000|100%| O|  |TAMS 0x0000000081400000, 0x0000000081300000| Untracked 
|  20|0x0000000081400000, 0x0000000081500000, 0x0000000081500000|100%|HS|  |TAMS 0x0000000081500000, 0x0000000081400000| Complete 
|  21|0x0000000081500000, 0x0000000081600000, 0x0000000081600000|100%|HC|  |TAMS 0x0000000081600000, 0x0000000081500000| Complete 
|  22|0x0000000081600000, 0x0000000081700000, 0x0000000081700000|100%|HC|  |TAMS 0x0000000081700000, 0x0000000081600000| Complete 
|  23|0x0000000081700000, 0x0000000081800000, 0x0000000081800000|100%|HC|  |TAMS 0x0000000081800000, 0x0000000081700000| Complete 
|  24|0x0000000081800000, 0x0000000081900000, 0x0000000081900000|100%|HC|  |TAMS 0x0000000081900000, 0x0000000081800000| Complete 
|  25|0x0000000081900000, 0x0000000081a00000, 0x0000000081a00000|100%|HS|  |TAMS 0x0000000081a00000, 0x0000000081900000| Complete 
|  26|0x0000000081a00000, 0x0000000081b00000, 0x0000000081b00000|100%|HC|  |TAMS 0x0000000081b00000, 0x0000000081a00000| Complete 
|  27|0x0000000081b00000, 0x0000000081c00000, 0x0000000081c00000|100%|HC|  |TAMS 0x0000000081c00000, 0x0000000081b00000| Complete 
|  28|0x0000000081c00000, 0x0000000081d00000, 0x0000000081d00000|100%|HS|  |TAMS 0x0000000081d00000, 0x0000000081c00000| Complete 
|  29|0x0000000081d00000, 0x0000000081e00000, 0x0000000081e00000|100%|HC|  |TAMS 0x0000000081e00000, 0x0000000081d00000| Complete 
|  30|0x0000000081e00000, 0x0000000081f00000, 0x0000000081f00000|100%|HC|  |TAMS 0x0000000081f00000, 0x0000000081e00000| Complete 
|  31|0x0000000081f00000, 0x0000000082000000, 0x0000000082000000|100%| O|  |TAMS 0x0000000082000000, 0x0000000081f00000| Untracked 
|  32|0x0000000082000000, 0x0000000082100000, 0x0000000082100000|100%| O|  |TAMS 0x0000000082100000, 0x0000000082000000| Untracked 
|  33|0x0000000082100000, 0x0000000082200000, 0x0000000082200000|100%| O|  |TAMS 0x0000000082200000, 0x0000000082100000| Untracked 
|  34|0x0000000082200000, 0x0000000082300000, 0x0000000082300000|100%|HS|  |TAMS 0x0000000082300000, 0x0000000082200000| Complete 
|  35|0x0000000082300000, 0x0000000082400000, 0x0000000082400000|100%| O|  |TAMS 0x0000000082400000, 0x0000000082300000| Updating 
|  36|0x0000000082400000, 0x0000000082500000, 0x0000000082500000|100%| O|  |TAMS 0x0000000082500000, 0x0000000082400000| Untracked 
|  37|0x0000000082500000, 0x0000000082600000, 0x0000000082600000|100%| O|  |TAMS 0x0000000082600000, 0x0000000082500000| Untracked 
|  38|0x0000000082600000, 0x0000000082700000, 0x0000000082700000|100%| O|  |TAMS 0x0000000082700000, 0x0000000082600000| Updating 
|  39|0x0000000082700000, 0x0000000082800000, 0x0000000082800000|100%| O|  |TAMS 0x0000000082800000, 0x0000000082700000| Untracked 
|  40|0x0000000082800000, 0x0000000082900000, 0x0000000082900000|100%| O|  |TAMS 0x0000000082900000, 0x0000000082800000| Untracked 
|  41|0x0000000082900000, 0x0000000082a00000, 0x0000000082a00000|100%| O|  |TAMS 0x0000000082a00000, 0x0000000082900000| Untracked 
|  42|0x0000000082a00000, 0x0000000082b00000, 0x0000000082b00000|100%| O|  |TAMS 0x0000000082b00000, 0x0000000082a00000| Untracked 
|  43|0x0000000082b00000, 0x0000000082c00000, 0x0000000082c00000|100%|HS|  |TAMS 0x0000000082b00000, 0x0000000082b00000| Complete 
|  44|0x0000000082c00000, 0x0000000082d00000, 0x0000000082d00000|100%|HC|  |TAMS 0x0000000082c00000, 0x0000000082c00000| Complete 
|  45|0x0000000082d00000, 0x0000000082e00000, 0x0000000082e00000|100%|HC|  |TAMS 0x0000000082d00000, 0x0000000082d00000| Complete 
|  46|0x0000000082e00000, 0x0000000082e00000, 0x0000000082f00000|  0%| F|  |TAMS 0x0000000082e00000, 0x0000000082e00000| Untracked 
|  47|0x0000000082f00000, 0x0000000082f00000, 0x0000000083000000|  0%| F|  |TAMS 0x0000000082f00000, 0x0000000082f00000| Untracked 
|  48|0x0000000083000000, 0x0000000083100000, 0x0000000083100000|100%| O|  |TAMS 0x0000000083100000, 0x0000000083000000| Untracked 
|  49|0x0000000083100000, 0x0000000083200000, 0x0000000083200000|100%| O|  |TAMS 0x0000000083200000, 0x0000000083100000| Untracked 
|  50|0x0000000083200000, 0x00000000832d7a00, 0x0000000083300000| 84%| O|  |TAMS 0x000000008328ee00, 0x0000000083200000| Updating 
|  51|0x0000000083300000, 0x0000000083400000, 0x0000000083400000|100%|HS|  |TAMS 0x0000000083300000, 0x0000000083300000| Complete 
|  52|0x0000000083400000, 0x0000000083500000, 0x0000000083500000|100%|HC|  |TAMS 0x0000000083400000, 0x0000000083400000| Complete 
|  53|0x0000000083500000, 0x0000000083600000, 0x0000000083600000|100%|HC|  |TAMS 0x0000000083500000, 0x0000000083500000| Complete 
|  54|0x0000000083600000, 0x0000000083700000, 0x0000000083700000|100%|HC|  |TAMS 0x0000000083600000, 0x0000000083600000| Complete 
|  55|0x0000000083700000, 0x0000000083800000, 0x0000000083800000|100%|HC|  |TAMS 0x0000000083700000, 0x0000000083700000| Complete 
|  56|0x0000000083800000, 0x0000000083800000, 0x0000000083900000|  0%| F|  |TAMS 0x0000000083800000, 0x0000000083800000| Untracked 
|  57|0x0000000083900000, 0x0000000083900000, 0x0000000083a00000|  0%| F|  |TAMS 0x0000000083900000, 0x0000000083900000| Untracked 
|  58|0x0000000083a00000, 0x0000000083a00000, 0x0000000083b00000|  0%| F|  |TAMS 0x0000000083a00000, 0x0000000083a00000| Untracked 
|  59|0x0000000083b00000, 0x0000000083b00000, 0x0000000083c00000|  0%| F|  |TAMS 0x0000000083b00000, 0x0000000083b00000| Untracked 
|  60|0x0000000083c00000, 0x0000000083c00000, 0x0000000083d00000|  0%| F|  |TAMS 0x0000000083c00000, 0x0000000083c00000| Untracked 
|  61|0x0000000083d00000, 0x0000000083d00000, 0x0000000083e00000|  0%| F|  |TAMS 0x0000000083d00000, 0x0000000083d00000| Untracked 
|  62|0x0000000083e00000, 0x0000000083e00000, 0x0000000083f00000|  0%| F|  |TAMS 0x0000000083e00000, 0x0000000083e00000| Untracked 
|  63|0x0000000083f00000, 0x0000000083f00000, 0x0000000084000000|  0%| F|  |TAMS 0x0000000083f00000, 0x0000000083f00000| Untracked 
|  64|0x0000000084000000, 0x0000000084000000, 0x0000000084100000|  0%| F|  |TAMS 0x0000000084000000, 0x0000000084000000| Untracked 
|  65|0x0000000084100000, 0x0000000084100000, 0x0000000084200000|  0%| F|  |TAMS 0x0000000084100000, 0x0000000084100000| Untracked 
|  66|0x0000000084200000, 0x0000000084300000, 0x0000000084300000|100%| S|CS|TAMS 0x0000000084200000, 0x0000000084200000| Complete 
|  67|0x0000000084300000, 0x0000000084400000, 0x0000000084400000|100%| S|CS|TAMS 0x0000000084300000, 0x0000000084300000| Complete 
|  68|0x0000000084400000, 0x0000000084500000, 0x0000000084500000|100%| S|CS|TAMS 0x0000000084400000, 0x0000000084400000| Complete 
|  69|0x0000000084500000, 0x0000000084600000, 0x0000000084600000|100%| S|CS|TAMS 0x0000000084500000, 0x0000000084500000| Complete 
|  70|0x0000000084600000, 0x0000000084600000, 0x0000000084700000|  0%| F|  |TAMS 0x0000000084600000, 0x0000000084600000| Untracked 
|  71|0x0000000084700000, 0x0000000084700000, 0x0000000084800000|  0%| F|  |TAMS 0x0000000084700000, 0x0000000084700000| Untracked 
|  72|0x0000000084800000, 0x0000000084800000, 0x0000000084900000|  0%| F|  |TAMS 0x0000000084800000, 0x0000000084800000| Untracked 
|  73|0x0000000084900000, 0x0000000084900000, 0x0000000084a00000|  0%| F|  |TAMS 0x0000000084900000, 0x0000000084900000| Untracked 
|  74|0x0000000084a00000, 0x0000000084a00000, 0x0000000084b00000|  0%| F|  |TAMS 0x0000000084a00000, 0x0000000084a00000| Untracked 
|  75|0x0000000084b00000, 0x0000000084b00000, 0x0000000084c00000|  0%| F|  |TAMS 0x0000000084b00000, 0x0000000084b00000| Untracked 
|  76|0x0000000084c00000, 0x0000000084c00000, 0x0000000084d00000|  0%| F|  |TAMS 0x0000000084c00000, 0x0000000084c00000| Untracked 
|  77|0x0000000084d00000, 0x0000000084d00000, 0x0000000084e00000|  0%| F|  |TAMS 0x0000000084d00000, 0x0000000084d00000| Untracked 
|  78|0x0000000084e00000, 0x0000000084e00000, 0x0000000084f00000|  0%| F|  |TAMS 0x0000000084e00000, 0x0000000084e00000| Untracked 
|  79|0x0000000084f00000, 0x0000000084f00000, 0x0000000085000000|  0%| F|  |TAMS 0x0000000084f00000, 0x0000000084f00000| Untracked 
|  80|0x0000000085000000, 0x0000000085000000, 0x0000000085100000|  0%| F|  |TAMS 0x0000000085000000, 0x0000000085000000| Untracked 
|  81|0x0000000085100000, 0x0000000085100000, 0x0000000085200000|  0%| F|  |TAMS 0x0000000085100000, 0x0000000085100000| Untracked 
|  82|0x0000000085200000, 0x0000000085200000, 0x0000000085300000|  0%| F|  |TAMS 0x0000000085200000, 0x0000000085200000| Untracked 
|  83|0x0000000085300000, 0x0000000085300000, 0x0000000085400000|  0%| F|  |TAMS 0x0000000085300000, 0x0000000085300000| Untracked 
|  84|0x0000000085400000, 0x0000000085400000, 0x0000000085500000|  0%| F|  |TAMS 0x0000000085400000, 0x0000000085400000| Untracked 
|  85|0x0000000085500000, 0x0000000085500000, 0x0000000085600000|  0%| F|  |TAMS 0x0000000085500000, 0x0000000085500000| Untracked 
|  86|0x0000000085600000, 0x0000000085600000, 0x0000000085700000|  0%| F|  |TAMS 0x0000000085600000, 0x0000000085600000| Untracked 
|  87|0x0000000085700000, 0x0000000085700000, 0x0000000085800000|  0%| F|  |TAMS 0x0000000085700000, 0x0000000085700000| Untracked 
| 125|0x0000000087d00000, 0x0000000087df6a10, 0x0000000087e00000| 96%| E|  |TAMS 0x0000000087d00000, 0x0000000087d00000| Complete 

Card table byte_map: [0x0000025b72670000,0x0000025b72a70000] _byte_map_base: 0x0000025b72270000

Marking Bits (Prev, Next): (CMBitMap*) 0x0000025b6eaba510, (CMBitMap*) 0x0000025b6eaba550
 Prev Bits: [0x0000025b72e70000, 0x0000025b74e70000)
 Next Bits: [0x0000025b74e70000, 0x0000025b76e70000)

Polling page: 0x0000025b6e220000

Metaspace:

Usage:
  Non-class:     42.44 MB used.
      Class:      6.63 MB used.
       Both:     49.07 MB used.

Virtual space:
  Non-class space:       64.00 MB reserved,      42.75 MB ( 67%) committed,  1 nodes.
      Class space:        1.00 GB reserved,       6.81 MB ( <1%) committed,  1 nodes.
             Both:        1.06 GB reserved,      49.56 MB (  5%) committed. 

Chunk freelists:
   Non-Class:  4.35 MB
       Class:  9.14 MB
        Both:  13.49 MB

MaxMetaspaceSize: unlimited
CompressedClassSpaceSize: 1.00 GB
Initial GC threshold: 21.00 MB
Current GC threshold: 75.25 MB
CDS: off
MetaspaceReclaimPolicy: balanced
 - commit_granule_bytes: 65536.
 - commit_granule_words: 8192.
 - virtual_space_node_default_size: 8388608.
 - enlarge_chunks_in_place: 1.
 - new_chunks_are_fully_committed: 0.
 - uncommit_free_chunks: 1.
 - use_allocation_guard: 0.
 - handle_deallocations: 1.


Internal statistics:

num_allocs_failed_limit: 3.
num_arena_births: 484.
num_arena_deaths: 0.
num_vsnodes_births: 2.
num_vsnodes_deaths: 0.
num_space_committed: 793.
num_space_uncommitted: 0.
num_chunks_returned_to_freelist: 3.
num_chunks_taken_from_freelist: 2107.
num_chunk_merges: 3.
num_chunk_splits: 1343.
num_chunks_enlarged: 894.
num_inconsistent_stats: 0.

CodeHeap 'non-profiled nmethods': size=120000Kb used=2224Kb max_used=2224Kb free=117775Kb
 bounds [0x0000025b07ad0000, 0x0000025b07d40000, 0x0000025b0f000000]
CodeHeap 'profiled nmethods': size=120000Kb used=9158Kb max_used=9158Kb free=110841Kb
 bounds [0x0000025b00000000, 0x0000025b00900000, 0x0000025b07530000]
CodeHeap 'non-nmethods': size=5760Kb used=2300Kb max_used=2376Kb free=3459Kb
 bounds [0x0000025b07530000, 0x0000025b077a0000, 0x0000025b07ad0000]
 total_blobs=5255 nmethods=4443 adapters=723
 compilation: enabled
              stopped_count=0, restarted_count=0
 full_count=0

Compilation events (20 events):
Event: 12.564 Thread 0x0000025b79a65510 4350       4       java.util.concurrent.atomic.AtomicReferenceArray::length (6 bytes)
Event: 12.565 Thread 0x0000025b79a65510 nmethod 4350 0x0000025b07cfa610 code [0x0000025b07cfa780, 0x0000025b07cfa818]
Event: 12.565 Thread 0x0000025b79a65510 4301       4       jdk.internal.loader.URLClassPath$JarLoader$2::getCodeSourceURL (8 bytes)
Event: 12.565 Thread 0x0000025b79a65510 nmethod 4301 0x0000025b07cfa910 code [0x0000025b07cfaa80, 0x0000025b07cfab18]
Event: 12.565 Thread 0x0000025b79a65510 4463       4       org.gradle.internal.Cast::uncheckedNonnullCast (2 bytes)
Event: 12.565 Thread 0x0000025b79a65510 nmethod 4463 0x0000025b07cfac10 code [0x0000025b07cfad80, 0x0000025b07cfadd8]
Event: 12.565 Thread 0x0000025b79a65510 4355       4       jdk.internal.misc.Unsafe::putReferenceOpaque (9 bytes)
Event: 12.567 Thread 0x0000025b79a65510 nmethod 4355 0x0000025b07cfaf10 code [0x0000025b07cfb080, 0x0000025b07cfb1d8]
Event: 12.567 Thread 0x0000025b79a65510 4193       4       sun.reflect.generics.parser.SignatureParser::init (16 bytes)
Event: 12.568 Thread 0x0000025b79a65510 nmethod 4193 0x0000025b07cfb290 code [0x0000025b07cfb400, 0x0000025b07cfb558]
Event: 12.568 Thread 0x0000025b79a65510 4321       4       java.util.Arrays::binarySearch (10 bytes)
Event: 12.568 Thread 0x0000025b79a65510 nmethod 4321 0x0000025b07cfb610 code [0x0000025b07cfb7a0, 0x0000025b07cfb848]
Event: 12.714 Thread 0x0000025b79a65510 4504       4       java.util.concurrent.locks.AbstractQueuedSynchronizer::signalNext (34 bytes)
Event: 12.714 Thread 0x0000025b79a67a40 4505       3       java.util.stream.ReferencePipeline$Head::forEach (26 bytes)
Event: 12.715 Thread 0x0000025b79a67a40 nmethod 4505 0x0000025b008ef710 code [0x0000025b008ef940, 0x0000025b008f0058]
Event: 12.715 Thread 0x0000025b79a67a40 4506   !   3       java.util.stream.ReferencePipeline$7$1::accept (127 bytes)
Event: 12.716 Thread 0x0000025b79a67a40 nmethod 4506 0x0000025b008f0310 code [0x0000025b008f05a0, 0x0000025b008f1498]
Event: 12.717 Thread 0x0000025b79a65510 nmethod 4504 0x0000025b07cfb910 code [0x0000025b07cfbaa0, 0x0000025b07cfbba8]
Event: 12.717 Thread 0x0000025b79a65510 4507       4       java.util.Collection::stream (11 bytes)
Event: 12.724 Thread 0x0000025b79a65510 nmethod 4507 0x0000025b07cfbc90 code [0x0000025b07cfbe20, 0x0000025b07cfc178]

GC Heap History (20 events):
Event: 7.221 GC heap before
{Heap before GC invocations=5 (full 0):
 garbage-first heap   total 71680K, used 50898K [0x0000000080000000, 0x0000000100000000)
  region size 1024K, 31 young (31744K), 2 survivors (2048K)
 Metaspace       used 30560K, committed 30848K, reserved 1114112K
  class space    used 4050K, committed 4160K, reserved 1048576K
}
Event: 7.227 GC heap after
{Heap after GC invocations=6 (full 0):
 garbage-first heap   total 71680K, used 22974K [0x0000000080000000, 0x0000000100000000)
  region size 1024K, 4 young (4096K), 4 survivors (4096K)
 Metaspace       used 30560K, committed 30848K, reserved 1114112K
  class space    used 4050K, committed 4160K, reserved 1048576K
}
Event: 8.832 GC heap before
{Heap before GC invocations=6 (full 0):
 garbage-first heap   total 71680K, used 48574K [0x0000000080000000, 0x0000000100000000)
  region size 1024K, 20 young (20480K), 4 survivors (4096K)
 Metaspace       used 32265K, committed 32576K, reserved 1114112K
  class space    used 4357K, committed 4480K, reserved 1048576K
}
Event: 8.837 GC heap after
{Heap after GC invocations=7 (full 0):
 garbage-first heap   total 71680K, used 38327K [0x0000000080000000, 0x0000000100000000)
  region size 1024K, 4 young (4096K), 4 survivors (4096K)
 Metaspace       used 32265K, committed 32576K, reserved 1114112K
  class space    used 4357K, committed 4480K, reserved 1048576K
}
Event: 9.298 GC heap before
{Heap before GC invocations=8 (full 0):
 garbage-first heap   total 71680K, used 55735K [0x0000000080000000, 0x0000000100000000)
  region size 1024K, 20 young (20480K), 4 survivors (4096K)
 Metaspace       used 34401K, committed 34816K, reserved 1114112K
  class space    used 4698K, committed 4864K, reserved 1048576K
}
Event: 9.302 GC heap after
{Heap after GC invocations=9 (full 0):
 garbage-first heap   total 71680K, used 40283K [0x0000000080000000, 0x0000000100000000)
  region size 1024K, 1 young (1024K), 1 survivors (1024K)
 Metaspace       used 34401K, committed 34816K, reserved 1114112K
  class space    used 4698K, committed 4864K, reserved 1048576K
}
Event: 9.673 GC heap before
{Heap before GC invocations=9 (full 0):
 garbage-first heap   total 71680K, used 55643K [0x0000000080000000, 0x0000000100000000)
  region size 1024K, 16 young (16384K), 1 survivors (1024K)
 Metaspace       used 36169K, committed 36544K, reserved 1114112K
  class space    used 4987K, committed 5120K, reserved 1048576K
}
Event: 9.676 GC heap after
{Heap after GC invocations=10 (full 0):
 garbage-first heap   total 71680K, used 40993K [0x0000000080000000, 0x0000000100000000)
  region size 1024K, 2 young (2048K), 2 survivors (2048K)
 Metaspace       used 36169K, committed 36544K, reserved 1114112K
  class space    used 4987K, committed 5120K, reserved 1048576K
}
Event: 10.066 GC heap before
{Heap before GC invocations=11 (full 0):
 garbage-first heap   total 73728K, used 56353K [0x0000000080000000, 0x0000000100000000)
  region size 1024K, 17 young (17408K), 2 survivors (2048K)
 Metaspace       used 38425K, committed 38848K, reserved 1114112K
  class space    used 5344K, committed 5568K, reserved 1048576K
}
Event: 10.069 GC heap after
{Heap after GC invocations=12 (full 0):
 garbage-first heap   total 73728K, used 41580K [0x0000000080000000, 0x0000000100000000)
  region size 1024K, 2 young (2048K), 2 survivors (2048K)
 Metaspace       used 38425K, committed 38848K, reserved 1114112K
  class space    used 5344K, committed 5568K, reserved 1048576K
}
Event: 10.515 GC heap before
{Heap before GC invocations=12 (full 0):
 garbage-first heap   total 73728K, used 56940K [0x0000000080000000, 0x0000000100000000)
  region size 1024K, 18 young (18432K), 2 survivors (2048K)
 Metaspace       used 41373K, committed 41728K, reserved 1114112K
  class space    used 5669K, committed 5824K, reserved 1048576K
}
Event: 10.519 GC heap after
{Heap after GC invocations=13 (full 0):
 garbage-first heap   total 73728K, used 43328K [0x0000000080000000, 0x0000000100000000)
  region size 1024K, 3 young (3072K), 3 survivors (3072K)
 Metaspace       used 41373K, committed 41728K, reserved 1114112K
  class space    used 5669K, committed 5824K, reserved 1048576K
}
Event: 10.847 GC heap before
{Heap before GC invocations=14 (full 0):
 garbage-first heap   total 75776K, used 57664K [0x0000000080000000, 0x0000000100000000)
  region size 1024K, 18 young (18432K), 3 survivors (3072K)
 Metaspace       used 44643K, committed 45056K, reserved 1114112K
  class space    used 6037K, committed 6208K, reserved 1048576K
}
Event: 10.853 GC heap after
{Heap after GC invocations=15 (full 0):
 garbage-first heap   total 91136K, used 45329K [0x0000000080000000, 0x0000000100000000)
  region size 1024K, 2 young (2048K), 2 survivors (2048K)
 Metaspace       used 44643K, committed 45056K, reserved 1114112K
  class space    used 6037K, committed 6208K, reserved 1048576K
}
Event: 11.014 GC heap before
{Heap before GC invocations=15 (full 0):
 garbage-first heap   total 91136K, used 65809K [0x0000000080000000, 0x0000000100000000)
  region size 1024K, 23 young (23552K), 2 survivors (2048K)
 Metaspace       used 45170K, committed 45568K, reserved 1114112K
  class space    used 6085K, committed 6272K, reserved 1048576K
}
Event: 11.018 GC heap after
{Heap after GC invocations=16 (full 0):
 garbage-first heap   total 91136K, used 47028K [0x0000000080000000, 0x0000000100000000)
  region size 1024K, 4 young (4096K), 4 survivors (4096K)
 Metaspace       used 45170K, committed 45568K, reserved 1114112K
  class space    used 6085K, committed 6272K, reserved 1048576K
}
Event: 11.655 GC heap before
{Heap before GC invocations=17 (full 0):
 garbage-first heap   total 91136K, used 76724K [0x0000000080000000, 0x0000000100000000)
  region size 1024K, 28 young (28672K), 4 survivors (4096K)
 Metaspace       used 48671K, committed 49152K, reserved 1114112K
  class space    used 6528K, committed 6720K, reserved 1048576K
}
Event: 11.663 GC heap after
{Heap after GC invocations=18 (full 0):
 garbage-first heap   total 91136K, used 48251K [0x0000000080000000, 0x0000000100000000)
  region size 1024K, 2 young (2048K), 2 survivors (2048K)
 Metaspace       used 48671K, committed 49152K, reserved 1114112K
  class space    used 6528K, committed 6720K, reserved 1048576K
}
Event: 12.698 GC heap before
{Heap before GC invocations=18 (full 0):
 garbage-first heap   total 91136K, used 65659K [0x0000000080000000, 0x0000000100000000)
  region size 1024K, 21 young (21504K), 2 survivors (2048K)
 Metaspace       used 50242K, committed 50688K, reserved 1114112K
  class space    used 6793K, committed 6976K, reserved 1048576K
}
Event: 12.703 GC heap after
{Heap after GC invocations=19 (full 0):
 garbage-first heap   total 91136K, used 50836K [0x0000000080000000, 0x0000000100000000)
  region size 1024K, 4 young (4096K), 4 survivors (4096K)
 Metaspace       used 50242K, committed 50688K, reserved 1114112K
  class space    used 6793K, committed 6976K, reserved 1048576K
}

Dll operation events (3 events):
Event: 0.029 Loaded shared library D:\android studio\jbr\bin\java.dll
Event: 0.383 Loaded shared library D:\android studio\jbr\bin\zip.dll
Event: 0.964 Loaded shared library D:\android studio\jbr\bin\verify.dll

Deoptimization events (20 events):
Event: 11.485 Thread 0x0000025b0f0f5420 Uncommon trap: trap_request=0xffffff45 fr.pc=0x0000025b07caaf2c relative=0x000000000000010c
Event: 11.485 Thread 0x0000025b0f0f5420 Uncommon trap: reason=unstable_if action=reinterpret pc=0x0000025b07caaf2c method=java.util.Arrays.hashCode([Ljava/lang/Object;)I @ 34 c2
Event: 11.485 Thread 0x0000025b0f0f5420 DEOPT PACKING pc=0x0000025b07caaf2c sp=0x000000691adf7270
Event: 11.485 Thread 0x0000025b0f0f5420 DEOPT UNPACKING pc=0x0000025b075869a3 sp=0x000000691adf71e8 mode 2
Event: 11.784 Thread 0x0000025b0f0f5420 Uncommon trap: trap_request=0xffffffbe fr.pc=0x0000025b07cceda8 relative=0x0000000000000768
Event: 11.784 Thread 0x0000025b0f0f5420 Uncommon trap: reason=profile_predicate action=maybe_recompile pc=0x0000025b07cceda8 method=java.lang.PublicMethods$MethodList.filter([Ljava/lang/reflect/Method;Ljava/lang/String;[Ljava/lang/Class;Z)Ljava/lang/PublicMethods$MethodList; @ 21 c2
Event: 11.784 Thread 0x0000025b0f0f5420 DEOPT PACKING pc=0x0000025b07cceda8 sp=0x000000691adf7850
Event: 11.784 Thread 0x0000025b0f0f5420 DEOPT UNPACKING pc=0x0000025b075869a3 sp=0x000000691adf7808 mode 2
Event: 11.784 Thread 0x0000025b0f0f5420 Uncommon trap: trap_request=0xffffffbe fr.pc=0x0000025b07cceda8 relative=0x0000000000000768
Event: 11.784 Thread 0x0000025b0f0f5420 Uncommon trap: reason=profile_predicate action=maybe_recompile pc=0x0000025b07cceda8 method=java.lang.PublicMethods$MethodList.filter([Ljava/lang/reflect/Method;Ljava/lang/String;[Ljava/lang/Class;Z)Ljava/lang/PublicMethods$MethodList; @ 21 c2
Event: 11.784 Thread 0x0000025b0f0f5420 DEOPT PACKING pc=0x0000025b07cceda8 sp=0x000000691adf7850
Event: 11.784 Thread 0x0000025b0f0f5420 DEOPT UNPACKING pc=0x0000025b075869a3 sp=0x000000691adf7808 mode 2
Event: 11.861 Thread 0x0000025b0f0f5420 Uncommon trap: trap_request=0xffffffbe fr.pc=0x0000025b07cceda8 relative=0x0000000000000768
Event: 11.861 Thread 0x0000025b0f0f5420 Uncommon trap: reason=profile_predicate action=maybe_recompile pc=0x0000025b07cceda8 method=java.lang.PublicMethods$MethodList.filter([Ljava/lang/reflect/Method;Ljava/lang/String;[Ljava/lang/Class;Z)Ljava/lang/PublicMethods$MethodList; @ 21 c2
Event: 11.861 Thread 0x0000025b0f0f5420 DEOPT PACKING pc=0x0000025b07cceda8 sp=0x000000691adf7000
Event: 11.861 Thread 0x0000025b0f0f5420 DEOPT UNPACKING pc=0x0000025b075869a3 sp=0x000000691adf6fb8 mode 2
Event: 11.923 Thread 0x0000025b0f0f5420 Uncommon trap: trap_request=0xffffff45 fr.pc=0x0000025b07c75f5c relative=0x000000000000119c
Event: 11.923 Thread 0x0000025b0f0f5420 Uncommon trap: reason=unstable_if action=reinterpret pc=0x0000025b07c75f5c method=java.util.concurrent.ConcurrentHashMap.putVal(Ljava/lang/Object;Ljava/lang/Object;Z)Ljava/lang/Object; @ 97 c2
Event: 11.923 Thread 0x0000025b0f0f5420 DEOPT PACKING pc=0x0000025b07c75f5c sp=0x000000691adf6a40
Event: 11.923 Thread 0x0000025b0f0f5420 DEOPT UNPACKING pc=0x0000025b075869a3 sp=0x000000691adf69d8 mode 2

Classes unloaded (0 events):
No events

Classes redefined (0 events):
No events

Internal exceptions (20 events):
Event: 11.345 Thread 0x0000025b0f0f5420 Exception <a 'java/lang/NoSuchMethodError'{0x0000000084e078a8}: 'int java.lang.invoke.DirectMethodHandle$Holder.invokeInterface(java.lang.Object, java.lang.Object, java.lang.Object, java.lang.Object)'> (0x0000000084e078a8) 
thrown [s\src\hotspot\share\interpreter\linkResolver.cpp, line 771]
Event: 11.485 Thread 0x0000025b0f0f5420 Implicit null exception at 0x0000025b07caae6c to 0x0000025b07caaf10
Event: 11.496 Thread 0x0000025b0f0f5420 Exception <a 'java/lang/ClassNotFoundException'{0x00000000848abeb0}: org/gradle/api/internal/artifacts/dsl/dependencies/DefaultDependencyHandler_DecoratedBeanInfo> (0x00000000848abeb0) 
thrown [s\src\hotspot\share\classfile\systemDictionary.cpp, line 256]
Event: 11.497 Thread 0x0000025b0f0f5420 Exception <a 'java/lang/ClassNotFoundException'{0x00000000848c3aa0}: org/gradle/api/internal/artifacts/dsl/dependencies/DefaultDependencyHandlerBeanInfo> (0x00000000848c3aa0) 
thrown [s\src\hotspot\share\classfile\systemDictionary.cpp, line 256]
Event: 11.498 Thread 0x0000025b0f0f5420 Exception <a 'java/lang/ClassNotFoundException'{0x00000000848db650}: org/gradle/api/internal/artifacts/dsl/dependencies/DefaultDependencyHandlerCustomizer> (0x00000000848db650) 
thrown [s\src\hotspot\share\classfile\systemDictionary.cpp, line 256]
Event: 11.502 Thread 0x0000025b0f0f5420 Exception <a 'java/lang/ClassNotFoundException'{0x000000008471e1f0}: org/gradle/api/internal/artifacts/dsl/dependencies/DefaultDependencyHandler_DecoratedCustomizer> (0x000000008471e1f0) 
thrown [s\src\hotspot\share\classfile\systemDictionary.cpp, line 256]
Event: 11.506 Thread 0x0000025b0f0f5420 Exception <a 'java/lang/ClassNotFoundException'{0x00000000847627d8}: sync_studio_tooling_3anpqzqfav8l08oas0bme6xe2$_run_closure1BeanInfo> (0x00000000847627d8) 
thrown [s\src\hotspot\share\classfile\systemDictionary.cpp, line 256]
Event: 11.507 Thread 0x0000025b0f0f5420 Exception <a 'java/lang/ClassNotFoundException'{0x00000000847697b0}: sync_studio_tooling_3anpqzqfav8l08oas0bme6xe2$_run_closure1Customizer> (0x00000000847697b0) 
thrown [s\src\hotspot\share\classfile\systemDictionary.cpp, line 256]
Event: 11.591 Thread 0x0000025b0f0f5420 Exception <a 'java/lang/NoSuchMethodError'{0x0000000083f4d330}: 'java.lang.Object java.lang.invoke.DirectMethodHandle$Holder.newInvokeSpecial(java.lang.Object, int, java.lang.Object)'> (0x0000000083f4d330) 
thrown [s\src\hotspot\share\interpreter\linkResolver.cpp, line 771]
Event: 11.647 Thread 0x0000025b0f0f5420 Exception <a 'java/lang/NoSuchMethodError'{0x0000000083d8a2f0}: 'void java.lang.invoke.DirectMethodHandle$Holder.invokeInterface(java.lang.Object, java.lang.Object)'> (0x0000000083d8a2f0) 
thrown [s\src\hotspot\share\interpreter\linkResolver.cpp, line 771]
Event: 11.857 Thread 0x0000025b0f0f5420 Exception <a 'java/lang/NoSuchMethodError'{0x0000000084f0aef0}: 'java.lang.Object java.lang.invoke.DirectMethodHandle$Holder.newInvokeSpecial(java.lang.Object, java.lang.Object, java.lang.Object, java.lang.Object, int, java.lang.Object)'> (0x0000000084f0aef0) 
thrown [s\src\hotspot\share\interpreter\linkResolver.cpp, line 771]
Event: 11.858 Thread 0x0000025b0f0f5420 Exception <a 'java/lang/NoSuchMethodError'{0x0000000084f13d80}: 'java.lang.Object java.lang.invoke.Invokers$Holder.linkToTargetMethod(java.lang.Object, java.lang.Object, java.lang.Object, int, java.lang.Object, java.lang.Object)'> (0x0000000084f13d80) 
thrown [s\src\hotspot\share\interpreter\linkResolver.cpp, line 771]
Event: 12.013 Thread 0x0000025b0f0f5420 Exception <a 'java/lang/ClassNotFoundException'{0x0000000084cce038}: sync_studio_tooling_3anpqzqfav8l08oas0bme6xe2BeanInfo> (0x0000000084cce038) 
thrown [s\src\hotspot\share\classfile\systemDictionary.cpp, line 256]
Event: 12.013 Thread 0x0000025b0f0f5420 Exception <a 'java/lang/ClassNotFoundException'{0x0000000084cd4ae8}: sync_studio_tooling_3anpqzqfav8l08oas0bme6xe2Customizer> (0x0000000084cd4ae8) 
thrown [s\src\hotspot\share\classfile\systemDictionary.cpp, line 256]
Event: 12.129 Thread 0x0000025b0f0f5420 Exception <a 'java/lang/ClassNotFoundException'{0x0000000084bd6220}: ijInit1_60tf4hk0w2ipugoexhzzop1x5BeanInfo> (0x0000000084bd6220) 
thrown [s\src\hotspot\share\classfile\systemDictionary.cpp, line 256]
Event: 12.130 Thread 0x0000025b0f0f5420 Exception <a 'java/lang/ClassNotFoundException'{0x0000000084bdcc78}: ijInit1_60tf4hk0w2ipugoexhzzop1x5Customizer> (0x0000000084bdcc78) 
thrown [s\src\hotspot\share\classfile\systemDictionary.cpp, line 256]
Event: 12.139 Thread 0x0000025b0f0f5420 Exception <a 'java/lang/ClassNotFoundException'{0x0000000084a27c00}: ijInit1_60tf4hk0w2ipugoexhzzop1x5$_run_closure1BeanInfo> (0x0000000084a27c00) 
thrown [s\src\hotspot\share\classfile\systemDictionary.cpp, line 256]
Event: 12.139 Thread 0x0000025b0f0f5420 Exception <a 'java/lang/ClassNotFoundException'{0x0000000084a2eb88}: ijInit1_60tf4hk0w2ipugoexhzzop1x5$_run_closure1Customizer> (0x0000000084a2eb88) 
thrown [s\src\hotspot\share\classfile\systemDictionary.cpp, line 256]
Event: 12.467 Thread 0x0000025b0f0f5420 Exception <a 'java/lang/ClassNotFoundException'{0x00000000847947f0}: ijInit1_60tf4hk0w2ipugoexhzzop1x5BeanInfo> (0x00000000847947f0) 
thrown [s\src\hotspot\share\classfile\systemDictionary.cpp, line 256]
Event: 12.467 Thread 0x0000025b0f0f5420 Exception <a 'java/lang/ClassNotFoundException'{0x000000008479b1e8}: ijInit1_60tf4hk0w2ipugoexhzzop1x5Customizer> (0x000000008479b1e8) 
thrown [s\src\hotspot\share\classfile\systemDictionary.cpp, line 256]

VM Operations (20 events):
Event: 11.019 Executing VM operation: G1TryInitiateConcMark done
Event: 11.048 Executing VM operation: G1PauseRemark
Event: 11.064 Executing VM operation: G1PauseRemark done
Event: 11.076 Executing VM operation: G1PauseCleanup
Event: 11.076 Executing VM operation: G1PauseCleanup done
Event: 11.332 Executing VM operation: HandshakeAllThreads
Event: 11.332 Executing VM operation: HandshakeAllThreads done
Event: 11.337 Executing VM operation: HandshakeAllThreads
Event: 11.337 Executing VM operation: HandshakeAllThreads done
Event: 11.344 Executing VM operation: HandshakeAllThreads
Event: 11.344 Executing VM operation: HandshakeAllThreads done
Event: 11.446 Executing VM operation: HandshakeAllThreads
Event: 11.447 Executing VM operation: HandshakeAllThreads done
Event: 11.655 Executing VM operation: G1CollectForAllocation
Event: 11.663 Executing VM operation: G1CollectForAllocation done
Event: 11.834 Executing VM operation: HandshakeAllThreads
Event: 11.834 Executing VM operation: HandshakeAllThreads done
Event: 12.698 Executing VM operation: G1TryInitiateConcMark
Event: 12.703 Executing VM operation: G1TryInitiateConcMark done
Event: 12.758 Executing VM operation: G1PauseRemark

Events (20 events):
Event: 11.884 Thread 0x0000025b10460860 Thread added: 0x0000025b10460860
Event: 11.921 loading class java/nio/channels/Channels
Event: 11.922 loading class java/nio/channels/Channels done
Event: 11.922 loading class sun/nio/ch/ChannelInputStream
Event: 11.922 loading class sun/nio/ch/ChannelInputStream done
Event: 11.934 loading class java/util/stream/SortedOps
Event: 11.934 loading class java/util/stream/SortedOps done
Event: 11.934 loading class java/util/stream/SortedOps$OfRef
Event: 11.935 loading class java/util/stream/SortedOps$OfRef done
Event: 11.935 loading class java/util/stream/SortedOps$SizedRefSortingSink
Event: 11.935 loading class java/util/stream/SortedOps$AbstractRefSortingSink
Event: 11.935 loading class java/util/stream/SortedOps$AbstractRefSortingSink done
Event: 11.935 loading class java/util/stream/SortedOps$SizedRefSortingSink done
Event: 12.158 Thread 0x0000025b1045ef10 Thread added: 0x0000025b1045ef10
Event: 12.159 Thread 0x0000025b1045a830 Thread added: 0x0000025b1045a830
Event: 12.160 Thread 0x0000025b1045f930 Thread added: 0x0000025b1045f930
Event: 12.161 Thread 0x0000025b1045c180 Thread added: 0x0000025b1045c180
Event: 12.164 Thread 0x0000025b10459900 Thread added: 0x0000025b10459900
Event: 12.165 Thread 0x0000025b1045b250 Thread added: 0x0000025b1045b250
Event: 12.166 Thread 0x0000025b10460d70 Thread added: 0x0000025b10460d70


Dynamic libraries:
0x00007ff78f8f0000 - 0x00007ff78f8fa000 	D:\android studio\jbr\bin\java.exe
0x00007ff938e70000 - 0x00007ff939068000 	C:\Windows\SYSTEM32\ntdll.dll
0x00007ff937810000 - 0x00007ff9378d1000 	C:\Windows\System32\KERNEL32.DLL
0x00007ff936970000 - 0x00007ff936c6d000 	C:\Windows\System32\KERNELBASE.dll
0x00007ff936d20000 - 0x00007ff936e20000 	C:\Windows\System32\ucrtbase.dll
0x00007ff90ae90000 - 0x00007ff90aea7000 	D:\android studio\jbr\bin\jli.dll
0x00007ff938480000 - 0x00007ff93861d000 	C:\Windows\System32\USER32.dll
0x00007ff936e70000 - 0x00007ff936e92000 	C:\Windows\System32\win32u.dll
0x00007ff9382d0000 - 0x00007ff9382fb000 	C:\Windows\System32\GDI32.dll
0x00007ff9161f0000 - 0x00007ff91648a000 	C:\Windows\WinSxS\amd64_microsoft.windows.common-controls_6595b64144ccf1df_6.0.19041.4355_none_60b8b9eb71f62e16\COMCTL32.dll
0x00007ff9366f0000 - 0x00007ff936807000 	C:\Windows\System32\gdi32full.dll
0x00007ff936520000 - 0x00007ff9365bd000 	C:\Windows\System32\msvcp_win.dll
0x00007ff936f00000 - 0x00007ff936f9e000 	C:\Windows\System32\msvcrt.dll
0x00007ff90adb0000 - 0x00007ff90adcb000 	D:\android studio\jbr\bin\VCRUNTIME140.dll
0x00007ff938d90000 - 0x00007ff938dbf000 	C:\Windows\System32\IMM32.DLL
0x00007ff91ce20000 - 0x00007ff91ce2c000 	D:\android studio\jbr\bin\vcruntime140_1.dll
0x00007ff8d1fd0000 - 0x00007ff8d205d000 	D:\android studio\jbr\bin\msvcp140.dll
0x00007ff8b4a00000 - 0x00007ff8b5683000 	D:\android studio\jbr\bin\server\jvm.dll
0x00007ff937c10000 - 0x00007ff937cc0000 	C:\Windows\System32\ADVAPI32.dll
0x00007ff9383e0000 - 0x00007ff938480000 	C:\Windows\System32\sechost.dll
0x00007ff9378e0000 - 0x00007ff937a03000 	C:\Windows\System32\RPCRT4.dll
0x00007ff936650000 - 0x00007ff936677000 	C:\Windows\System32\bcrypt.dll
0x00007ff935ab0000 - 0x00007ff935afb000 	C:\Windows\SYSTEM32\POWRPROF.dll
0x00007ff90da40000 - 0x00007ff90da49000 	C:\Windows\SYSTEM32\WSOCK32.dll
0x00007ff92dc60000 - 0x00007ff92dc6a000 	C:\Windows\SYSTEM32\VERSION.dll
0x00007ff938dc0000 - 0x00007ff938e2b000 	C:\Windows\System32\WS2_32.dll
0x00007ff934510000 - 0x00007ff934537000 	C:\Windows\SYSTEM32\WINMM.dll
0x00007ff935920000 - 0x00007ff935932000 	C:\Windows\SYSTEM32\UMPDC.dll
0x00007ff934d70000 - 0x00007ff934d82000 	C:\Windows\SYSTEM32\kernel.appcore.dll
0x00007ff932c40000 - 0x00007ff932c4a000 	D:\android studio\jbr\bin\jimage.dll
0x00007ff9340b0000 - 0x00007ff934294000 	C:\Windows\SYSTEM32\DBGHELP.DLL
0x00007ff929a60000 - 0x00007ff929a94000 	C:\Windows\SYSTEM32\dbgcore.DLL
0x00007ff9365c0000 - 0x00007ff936642000 	C:\Windows\System32\bcryptPrimitives.dll
0x00007ff928150000 - 0x00007ff92815e000 	D:\android studio\jbr\bin\instrument.dll
0x00007ff90ee90000 - 0x00007ff90eeb5000 	D:\android studio\jbr\bin\java.dll
0x00007ff9281c0000 - 0x00007ff9281d8000 	D:\android studio\jbr\bin\zip.dll
0x00007ff938620000 - 0x00007ff938d8f000 	C:\Windows\System32\SHELL32.dll
0x00007ff934580000 - 0x00007ff934d23000 	C:\Windows\SYSTEM32\windows.storage.dll
0x00007ff937cc0000 - 0x00007ff938013000 	C:\Windows\System32\combase.dll
0x00007ff935f50000 - 0x00007ff935f7e000 	C:\Windows\SYSTEM32\Wldp.dll
0x00007ff937500000 - 0x00007ff9375cd000 	C:\Windows\System32\OLEAUT32.dll
0x00007ff9380d0000 - 0x00007ff93817d000 	C:\Windows\System32\SHCORE.dll
0x00007ff938380000 - 0x00007ff9383d5000 	C:\Windows\System32\shlwapi.dll
0x00007ff936450000 - 0x00007ff936474000 	C:\Windows\SYSTEM32\profapi.dll
0x00007ff926a80000 - 0x00007ff926a99000 	D:\android studio\jbr\bin\net.dll
0x00007ff932460000 - 0x00007ff93256d000 	C:\Windows\SYSTEM32\WINHTTP.dll
0x00007ff935cb0000 - 0x00007ff935d1a000 	C:\Windows\system32\mswsock.dll
0x00007ff91ce40000 - 0x00007ff91ce56000 	D:\android studio\jbr\bin\nio.dll
0x00007ff92a1d0000 - 0x00007ff92a1e0000 	D:\android studio\jbr\bin\verify.dll
0x00007ff926aa0000 - 0x00007ff926ac7000 	C:\Users\corn2\.gradle\native\c067742578af261105cb4f569cf0c3c89f3d7b1fecec35dd04571415982c5e48\windows-amd64\native-platform.dll
0x00007ff8d1e80000 - 0x00007ff8d1fc4000 	C:\Users\corn2\.gradle\native\38dada09dfb8b06ba9b0570ebf7e218e3eb74d4ef43ca46872605cf95ebc2f47\windows-amd64\native-platform-file-events.dll
0x00007ff92dd90000 - 0x00007ff92dd99000 	D:\android studio\jbr\bin\management.dll
0x00007ff92d6f0000 - 0x00007ff92d6fb000 	D:\android studio\jbr\bin\management_ext.dll
0x00007ff936fa0000 - 0x00007ff936fa8000 	C:\Windows\System32\PSAPI.DLL
0x00007ff935eb0000 - 0x00007ff935ec8000 	C:\Windows\SYSTEM32\CRYPTSP.dll
0x00007ff935560000 - 0x00007ff935594000 	C:\Windows\system32\rsaenh.dll
0x00007ff936410000 - 0x00007ff93643e000 	C:\Windows\SYSTEM32\USERENV.dll
0x00007ff935ea0000 - 0x00007ff935eac000 	C:\Windows\SYSTEM32\CRYPTBASE.dll
0x00007ff935940000 - 0x00007ff93597b000 	C:\Windows\SYSTEM32\IPHLPAPI.DLL
0x00007ff9382c0000 - 0x00007ff9382c8000 	C:\Windows\System32\NSI.dll
0x00007ff929f50000 - 0x00007ff929f67000 	C:\Windows\SYSTEM32\dhcpcsvc6.DLL
0x00007ff92a2e0000 - 0x00007ff92a2fd000 	C:\Windows\SYSTEM32\dhcpcsvc.DLL
0x00007ff935990000 - 0x00007ff935a5a000 	C:\Windows\SYSTEM32\DNSAPI.dll
0x00007ff92e3c0000 - 0x00007ff92e3c9000 	D:\android studio\jbr\bin\extnet.dll
0x00007ff92dcb0000 - 0x00007ff92dcb7000 	C:\Windows\system32\wshunix.dll

dbghelp: loaded successfully - version: 4.0.5 - missing functions: none
symbol engine: initialized successfully - sym options: 0x614 - pdb path: .;D:\android studio\jbr\bin;C:\Windows\SYSTEM32;C:\Windows\WinSxS\amd64_microsoft.windows.common-controls_6595b64144ccf1df_6.0.19041.4355_none_60b8b9eb71f62e16;D:\android studio\jbr\bin\server;C:\Users\corn2\.gradle\native\c067742578af261105cb4f569cf0c3c89f3d7b1fecec35dd04571415982c5e48\windows-amd64;C:\Users\corn2\.gradle\native\38dada09dfb8b06ba9b0570ebf7e218e3eb74d4ef43ca46872605cf95ebc2f47\windows-amd64

VM Arguments:
jvm_args: --add-opens=java.base/java.util=ALL-UNNAMED --add-opens=java.base/java.lang=ALL-UNNAMED --add-opens=java.base/java.lang.invoke=ALL-UNNAMED --add-opens=java.prefs/java.util.prefs=ALL-UNNAMED --add-opens=java.base/java.nio.charset=ALL-UNNAMED --add-opens=java.base/java.net=ALL-UNNAMED --add-opens=java.base/java.util.concurrent.atomic=ALL-UNNAMED -Xmx2048m -Dfile.encoding=UTF-8 -Duser.country=RU -Duser.language=ru -Duser.variant -javaagent:C:\Users\corn2\.gradle\wrapper\dists\gradle-8.7-bin\bhs2wmbdwecv87pi65oeuq5iu\gradle-8.7\lib\agents\gradle-instrumentation-agent-8.7.jar 
java_command: org.gradle.launcher.daemon.bootstrap.GradleDaemon 8.7
java_class_path (initial): C:\Users\corn2\.gradle\wrapper\dists\gradle-8.7-bin\bhs2wmbdwecv87pi65oeuq5iu\gradle-8.7\lib\gradle-launcher-8.7.jar
Launcher Type: SUN_STANDARD

[Global flags]
     intx CICompilerCount                          = 4                                         {product} {ergonomic}
     uint ConcGCThreads                            = 2                                         {product} {ergonomic}
     uint G1ConcRefinementThreads                  = 8                                         {product} {ergonomic}
   size_t G1HeapRegionSize                         = 1048576                                   {product} {ergonomic}
    uintx GCDrainStackTargetSize                   = 64                                        {product} {ergonomic}
   size_t InitialHeapSize                          = 132120576                                 {product} {ergonomic}
   size_t MarkStackSize                            = 4194304                                   {product} {ergonomic}
   size_t MaxHeapSize                              = 2147483648                                {product} {command line}
   size_t MaxNewSize                               = 1287651328                                {product} {ergonomic}
   size_t MinHeapDeltaBytes                        = 1048576                                   {product} {ergonomic}
   size_t MinHeapSize                              = 8388608                                   {product} {ergonomic}
    uintx NonNMethodCodeHeapSize                   = 5839372                                {pd product} {ergonomic}
    uintx NonProfiledCodeHeapSize                  = 122909434                              {pd product} {ergonomic}
    uintx ProfiledCodeHeapSize                     = 122909434                              {pd product} {ergonomic}
    uintx ReservedCodeCacheSize                    = 251658240                              {pd product} {ergonomic}
     bool SegmentedCodeCache                       = true                                      {product} {ergonomic}
   size_t SoftMaxHeapSize                          = 2147483648                             {manageable} {ergonomic}
     bool UseCompressedClassPointers               = true                           {product lp64_product} {ergonomic}
     bool UseCompressedOops                        = true                           {product lp64_product} {ergonomic}
     bool UseG1GC                                  = true                                      {product} {ergonomic}
     bool UseLargePagesIndividualAllocation        = false                                  {pd product} {ergonomic}

Logging:
Log output configuration:
 #0: stdout all=warning uptime,level,tags
 #1: stderr all=off uptime,level,tags

Environment Variables:
PATH=D:\JDK\bin;C:\Windows\System32\HWAudioDriverLibs;C:\Windows\system32;C:\Windows;C:\Windows\System32\Wbem;C:\Windows\System32\WindowsPowerShell\v1.0\;C:\Windows\System32\OpenSSH\;C:\Windows\system32\config\systemprofile\AppData\Local\Microsoft\WindowsApps;C:\Program Files\dotnet\;C:\Program Files (x86)\Windows Kits\10\Windows Performance Toolkit\;C:\Program Files\Git\cmd;C:\Users\corn2\AppData\Local\Programs\Python\Python310\Scripts\;C:\Users\corn2\AppData\Local\Programs\Python\Python310\;C:\Users\corn2\AppData\Local\Microsoft\WindowsApps;C:\Users\corn2\AppData\Local\Programs\Microsoft VS Code\bin;C:\Users\corn2\.dotnet\tools;D:\flutter\bin;D:\sdk\build-tools;D:\sdk\emulator\emulator.exe;D:\sdk\platfrom-tools;D:\JDK\bin;C:\Users\corn2\AppData\Local\GitHubDesktop\bin
USERNAME=corn2
OS=Windows_NT
PROCESSOR_IDENTIFIER=Intel64 Family 6 Model 142 Stepping 12, GenuineIntel
TMP=C:\Users\corn2\AppData\Local\Temp
TEMP=C:\Users\corn2\AppData\Local\Temp



Periodic native trim disabled

JNI global refs:
JNI global refs: 26, weak refs: 0

JNI global refs memory usage: 843, weak refs: 209

Process memory usage:
Resident Set Size: 241320K (2% of 8217904K total physical memory with 247284K free physical memory)

OOME stack traces (most recent first):
Classloader memory used:
Loader org.gradle.internal.classloader.VisitableURLClassLoader                         : 2946K
Loader bootstrap                                                                       : 2374K
Loader org.gradle.initialization.MixInLegacyTypesClassLoader                           : 745K
Loader org.gradle.internal.classloader.VisitableURLClassLoader                         : 88213B
Loader jdk.internal.loader.ClassLoaders$PlatformClassLoader                            : 67048B
Loader jdk.internal.loader.ClassLoaders$AppClassLoader                                 : 28714B
Loader jdk.internal.reflect.DelegatingClassLoader                                      : 25856B
Loader org.gradle.groovy.scripts.internal.DefaultScriptCompilationHandler$ScriptClassLoader: 9520B
Loader org.codehaus.groovy.runtime.callsite.CallSiteClassLoader                        : 876B

Classes loaded by more than one classloader:
Class org.gradle.api.GradleException                                                  : loaded 3 times (x 80B)
Class org.gradle.util.GradleVersion                                                   : loaded 2 times (x 81B)
Class org.gradle.internal.classpath.ClassPath                                         : loaded 2 times (x 68B)
Class org.gradle.api.internal.classpath.DefaultModuleRegistry                         : loaded 2 times (x 84B)
Class org.gradle.internal.exceptions.NonGradleCauseExceptionsHolder                   : loaded 2 times (x 68B)
Class org.gradle.api.Action                                                           : loaded 2 times (x 68B)
Class org.gradle.api.internal.DefaultClassPathProvider                                : loaded 2 times (x 74B)
Class org.gradle.internal.installation.GradleInstallation$1                           : loaded 2 times (x 73B)
Class org.gradle.internal.exceptions.DefaultMultiCauseException                       : loaded 2 times (x 93B)
Class ijInit1_60tf4hk0w2ipugoexhzzop1x5                                               : loaded 2 times (x 177B)
Class org.gradle.internal.time.MonotonicClock                                         : loaded 2 times (x 75B)
Class org.gradle.internal.classloader.FilteringClassLoader                            : loaded 2 times (x 103B)
Class org.gradle.internal.classpath.DefaultClassPath$ImmutableUniqueList$Builder      : loaded 2 times (x 73B)
Class kotlin.UninitializedPropertyAccessException                                     : loaded 2 times (x 80B)
Class org.gradle.internal.classloader.ClassLoaderVisitor                              : loaded 2 times (x 74B)
Class org.gradle.internal.time.DefaultCountdownTimer                                  : loaded 2 times (x 86B)
Class org.gradle.internal.service.DefaultServiceLocator                               : loaded 2 times (x 81B)
Class org.gradle.internal.service.UnknownServiceException                             : loaded 2 times (x 81B)
Class sync_studio_tooling_3anpqzqfav8l08oas0bme6xe2$_run_closure1                     : loaded 2 times (x 137B)
Class org.gradle.internal.classloader.DefaultClassLoaderFactory                       : loaded 2 times (x 80B)
Class org.gradle.internal.classloader.VisitableURLClassLoader$Spec                    : loaded 2 times (x 72B)
Class org.gradle.tooling.model.ProjectModel                                           : loaded 2 times (x 68B)
Class org.gradle.internal.installation.GradleInstallation                             : loaded 2 times (x 73B)
Class org.gradle.api.internal.classpath.ModuleRegistry                                : loaded 2 times (x 68B)
Class org.gradle.api.internal.ClassPathProvider                                       : loaded 2 times (x 68B)
Class org.gradle.internal.classloader.ClasspathUtil$1                                 : loaded 2 times (x 74B)
Class org.gradle.internal.classloader.ClassLoaderFactory                              : loaded 2 times (x 68B)
Class org.gradle.api.internal.classpath.ManifestUtil                                  : loaded 2 times (x 69B)
Class org.gradle.api.specs.Spec                                                       : loaded 2 times (x 68B)
Class kotlin.jvm.internal.Intrinsics                                                  : loaded 2 times (x 69B)
Class org.gradle.internal.IoActions                                                   : loaded 2 times (x 69B)
Class org.gradle.api.internal.classpath.EffectiveClassPath                            : loaded 2 times (x 88B)
Class org.gradle.internal.exceptions.ResolutionProvider                               : loaded 2 times (x 68B)
Class org.gradle.internal.installation.CurrentGradleInstallation                      : loaded 2 times (x 71B)
Class org.gradle.internal.agents.InstrumentingClassLoader                             : loaded 2 times (x 68B)
Class org.gradle.internal.installation.CurrentGradleInstallationLocator               : loaded 2 times (x 69B)
Class org.gradle.api.internal.classpath.Module                                        : loaded 2 times (x 68B)
Class org.gradle.internal.service.CachingServiceLocator                               : loaded 2 times (x 80B)
Class org.gradle.internal.time.Timer                                                  : loaded 2 times (x 68B)
Class sync_studio_tooling_3anpqzqfav8l08oas0bme6xe2                                   : loaded 2 times (x 177B)
Class org.gradle.internal.classpath.DefaultClassPath                                  : loaded 2 times (x 88B)
Class org.gradle.internal.time.Time                                                   : loaded 2 times (x 69B)
Class org.gradle.internal.time.TimeSource$1                                           : loaded 2 times (x 75B)
Class kotlin.KotlinNullPointerException                                               : loaded 2 times (x 81B)
Class org.gradle.internal.classloader.SystemClassLoaderSpec                           : loaded 2 times (x 69B)
Class kotlin.Function                                                                 : loaded 2 times (x 68B)
Class org.gradle.api.UncheckedIOException                                             : loaded 2 times (x 80B)
Class org.gradle.internal.time.CountdownTimer                                         : loaded 2 times (x 68B)
Class org.gradle.internal.time.Clock                                                  : loaded 2 times (x 68B)
Class org.gradle.internal.classloader.ClasspathUtil                                   : loaded 2 times (x 69B)
Class org.gradle.api.internal.DefaultClassPathRegistry                                : loaded 2 times (x 74B)
Class org.gradle.api.internal.classpath.DefaultModuleRegistry$DefaultModule           : loaded 2 times (x 84B)
Class org.gradle.internal.time.TimeSource                                             : loaded 2 times (x 68B)
Class org.gradle.api.internal.classpath.UnknownModuleException                        : loaded 2 times (x 80B)
Class org.gradle.internal.service.ServiceLookupException                              : loaded 2 times (x 80B)
Class org.gradle.cache.GlobalCache                                                    : loaded 2 times (x 68B)
Class [Lorg.gradle.api.internal.ClassPathProvider;                                    : loaded 2 times (x 67B)
Class org.gradle.internal.operations.MultipleBuildOperationFailures                   : loaded 2 times (x 93B)
Class org.gradle.util.internal.GUtil                                                  : loaded 2 times (x 69B)
Class org.gradle.internal.classloader.ClassLoaderSpec                                 : loaded 2 times (x 69B)
Class org.gradle.internal.classloader.VisitableURLClassLoader                         : loaded 2 times (x 115B)
Class org.gradle.internal.Cast                                                        : loaded 2 times (x 69B)
Class org.gradle.api.internal.ClassPathRegistry                                       : loaded 2 times (x 68B)
Class org.gradle.internal.classloader.VisitableURLClassLoader$InstrumentingVisitableURLClassLoader: loaded 2 times (x 121B)
Class org.gradle.internal.classloader.ClassLoaderHierarchy                            : loaded 2 times (x 68B)
Class org.gradle.internal.exceptions.MultiCauseException                              : loaded 2 times (x 68B)
Class org.gradle.internal.InternalTransformer                                         : loaded 2 times (x 68B)
Class org.gradle.internal.service.ServiceLocator                                      : loaded 2 times (x 68B)
Class org.gradle.internal.classpath.DefaultClassPath$ImmutableUniqueList              : loaded 2 times (x 159B)
Class org.gradle.internal.time.DefaultTimer                                           : loaded 2 times (x 78B)
Class org.gradle.internal.classpath.TransformedClassPath                              : loaded 2 times (x 94B)


---------------  S Y S T E M  ---------------

OS:
 Windows 10 , 64 bit Build 19041 (10.0.19041.4842)
OS uptime: 24 days 18:27 hours

CPU: total 8 (initial active 8) (4 cores per cpu, 2 threads per core) family 6 model 142 stepping 12 microcode 0xde, cx8, cmov, fxsr, ht, mmx, 3dnowpref, sse, sse2, sse3, ssse3, sse4.1, sse4.2, popcnt, lzcnt, tsc, tscinvbit, avx, avx2, aes, erms, clmul, bmi1, bmi2, adx, fma, vzeroupper, clflush, clflushopt
Processor Information for processor 0
  Max Mhz: 2112, Current Mhz: 2112, Mhz Limit: 1605
Processor Information for processor 1
  Max Mhz: 2112, Current Mhz: 2112, Mhz Limit: 1605
Processor Information for processor 2
  Max Mhz: 2112, Current Mhz: 1408, Mhz Limit: 1605
Processor Information for processor 3
  Max Mhz: 2112, Current Mhz: 1408, Mhz Limit: 1605
Processor Information for processor 4
  Max Mhz: 2112, Current Mhz: 1408, Mhz Limit: 1605
Processor Information for processor 5
  Max Mhz: 2112, Current Mhz: 2112, Mhz Limit: 1605
Processor Information for processor 6
  Max Mhz: 2112, Current Mhz: 1408, Mhz Limit: 1605
Processor Information for processor 7
  Max Mhz: 2112, Current Mhz: 1408, Mhz Limit: 1605

Memory: 4k page, system-wide physical 8025M (241M free)
TotalPageFile size 21191M (AvailPageFile size 11M)
current process WorkingSet (physical memory assigned to process): 235M, peak: 243M
current process commit charge ("private bytes"): 271M, peak: 282M

vm_info: OpenJDK 64-Bit Server VM (17.0.11+0--11852314) for windows-amd64 JRE (17.0.11+0--11852314), built on May 16 2024 21:29:20 by "androidbuild" with MS VC++ 16.10 / 16.11 (VS2019)

END.
